============================= test session starts ==============================
platform linux -- Python 3.12.7, pytest-9.0.1, pluggy-1.6.0 -- /home/perna/workspace/projects/podigger/backend/.venv/bin/python
cachedir: .pytest_cache
django: version: 5.2.8, settings: config.settings (from env)
rootdir: /home/perna/workspace/projects/podigger/backend
configfile: pytest.ini (WARNING: ignoring pytest config in pyproject.toml!)
plugins: django-4.11.1, mock-3.15.1, Faker-19.9.0
collecting ... collected 7 items

podcasts/tests/test_updater.py::test_updater_updates_total_episodes ERROR [ 14%]
podcasts/tests/test_views_features.py::TestPodcastViewSetFeatures::test_create_podcast ERROR [ 28%]
podcasts/tests/test_views_features.py::TestPodcastViewSetFeatures::test_create_duplicate_podcast ERROR [ 42%]
podcasts/tests/test_views_features.py::TestPodcastViewSetFeatures::test_recent_podcasts ERROR [ 57%]
podcasts/tests/test_views_features.py::TestPodcastViewSetFeatures::test_search_podcast ERROR [ 71%]
podcasts/tests/test_views_features.py::TestPodcastViewSetFeatures::test_search_episodes_saves_term ERROR [ 85%]
podcasts/tests/test_views_features.py::TestPodcastViewSetFeatures::test_create_podcast_validates_feed ERROR [100%]

==================================== ERRORS ====================================
____________ ERROR at setup of test_updater_updates_total_episodes _____________
.venv/lib/python3.12/site-packages/django/db/backends/base/base.py:279: in ensure_connection
    self.connect()
.venv/lib/python3.12/site-packages/django/utils/asyncio.py:26: in inner
    return func(*args, **kwargs)
           ^^^^^^^^^^^^^^^^^^^^^
.venv/lib/python3.12/site-packages/django/db/backends/base/base.py:256: in connect
    self.connection = self.get_new_connection(conn_params)
                      ^^^^^^^^^^^^^^^^^^^^^^^^^^^^^^^^^^^^
.venv/lib/python3.12/site-packages/django/utils/asyncio.py:26: in inner
    return func(*args, **kwargs)
           ^^^^^^^^^^^^^^^^^^^^^
.venv/lib/python3.12/site-packages/django/db/backends/postgresql/base.py:332: in get_new_connection
    connection = self.Database.connect(**conn_params)
                 ^^^^^^^^^^^^^^^^^^^^^^^^^^^^^^^^^^^^
.venv/lib/python3.12/site-packages/psycopg2/__init__.py:122: in connect
    conn = _connect(dsn, connection_factory=connection_factory, **kwasync)
           ^^^^^^^^^^^^^^^^^^^^^^^^^^^^^^^^^^^^^^^^^^^^^^^^^^^^^^^^^^^^^^^
E   psycopg2.OperationalError: connection to server at "localhost" (127.0.0.1), port 5432 failed: Connection refused
E   	Is the server running on that host and accepting TCP/IP connections?

The above exception was the direct cause of the following exception:
.venv/lib/python3.12/site-packages/django/db/backends/postgresql/base.py:507: in _nodb_cursor
    with super()._nodb_cursor() as cursor:
         ^^^^^^^^^^^^^^^^^^^^^^
/home/perna/.local/share/uv/python/cpython-3.12.7-linux-x86_64-gnu/lib/python3.12/contextlib.py:137: in __enter__
    return next(self.gen)
           ^^^^^^^^^^^^^^
.venv/lib/python3.12/site-packages/django/db/backends/base/base.py:712: in _nodb_cursor
    with conn.cursor() as cursor:
         ^^^^^^^^^^^^^
.venv/lib/python3.12/site-packages/django/utils/asyncio.py:26: in inner
    return func(*args, **kwargs)
           ^^^^^^^^^^^^^^^^^^^^^
.venv/lib/python3.12/site-packages/django/db/backends/base/base.py:320: in cursor
    return self._cursor()
           ^^^^^^^^^^^^^^
.venv/lib/python3.12/site-packages/django/db/backends/base/base.py:296: in _cursor
    self.ensure_connection()
.venv/lib/python3.12/site-packages/django/utils/asyncio.py:26: in inner
    return func(*args, **kwargs)
           ^^^^^^^^^^^^^^^^^^^^^
.venv/lib/python3.12/site-packages/django/db/backends/base/base.py:278: in ensure_connection
    with self.wrap_database_errors:
         ^^^^^^^^^^^^^^^^^^^^^^^^^
.venv/lib/python3.12/site-packages/django/db/utils.py:91: in __exit__
    raise dj_exc_value.with_traceback(traceback) from exc_value
.venv/lib/python3.12/site-packages/django/db/backends/base/base.py:279: in ensure_connection
    self.connect()
.venv/lib/python3.12/site-packages/django/utils/asyncio.py:26: in inner
    return func(*args, **kwargs)
           ^^^^^^^^^^^^^^^^^^^^^
.venv/lib/python3.12/site-packages/django/db/backends/base/base.py:256: in connect
    self.connection = self.get_new_connection(conn_params)
                      ^^^^^^^^^^^^^^^^^^^^^^^^^^^^^^^^^^^^
.venv/lib/python3.12/site-packages/django/utils/asyncio.py:26: in inner
    return func(*args, **kwargs)
           ^^^^^^^^^^^^^^^^^^^^^
.venv/lib/python3.12/site-packages/django/db/backends/postgresql/base.py:332: in get_new_connection
    connection = self.Database.connect(**conn_params)
                 ^^^^^^^^^^^^^^^^^^^^^^^^^^^^^^^^^^^^
.venv/lib/python3.12/site-packages/psycopg2/__init__.py:122: in connect
    conn = _connect(dsn, connection_factory=connection_factory, **kwasync)
           ^^^^^^^^^^^^^^^^^^^^^^^^^^^^^^^^^^^^^^^^^^^^^^^^^^^^^^^^^^^^^^^
E   django.db.utils.OperationalError: connection to server at "localhost" (127.0.0.1), port 5432 failed: Connection refused
E   	Is the server running on that host and accepting TCP/IP connections?

During handling of the above exception, another exception occurred:
.venv/lib/python3.12/site-packages/django/db/backends/base/base.py:279: in ensure_connection
    self.connect()
.venv/lib/python3.12/site-packages/django/utils/asyncio.py:26: in inner
    return func(*args, **kwargs)
           ^^^^^^^^^^^^^^^^^^^^^
.venv/lib/python3.12/site-packages/django/db/backends/base/base.py:256: in connect
    self.connection = self.get_new_connection(conn_params)
                      ^^^^^^^^^^^^^^^^^^^^^^^^^^^^^^^^^^^^
.venv/lib/python3.12/site-packages/django/utils/asyncio.py:26: in inner
    return func(*args, **kwargs)
           ^^^^^^^^^^^^^^^^^^^^^
.venv/lib/python3.12/site-packages/django/db/backends/postgresql/base.py:332: in get_new_connection
    connection = self.Database.connect(**conn_params)
                 ^^^^^^^^^^^^^^^^^^^^^^^^^^^^^^^^^^^^
.venv/lib/python3.12/site-packages/psycopg2/__init__.py:122: in connect
    conn = _connect(dsn, connection_factory=connection_factory, **kwasync)
           ^^^^^^^^^^^^^^^^^^^^^^^^^^^^^^^^^^^^^^^^^^^^^^^^^^^^^^^^^^^^^^^
E   psycopg2.OperationalError: connection to server at "localhost" (127.0.0.1), port 5432 failed: Connection refused
E   	Is the server running on that host and accepting TCP/IP connections?

The above exception was the direct cause of the following exception:
.venv/lib/python3.12/site-packages/pytest_django/plugin.py:552: in _django_db_marker
    request.getfixturevalue("_django_db_helper")
.venv/lib/python3.12/site-packages/pytest_django/fixtures.py:198: in django_db_setup
    db_cfg = setup_databases(
.venv/lib/python3.12/site-packages/django/test/utils.py:204: in setup_databases
    connection.creation.create_test_db(
.venv/lib/python3.12/site-packages/django/db/backends/base/creation.py:62: in create_test_db
    self._create_test_db(verbosity, autoclobber, keepdb)
.venv/lib/python3.12/site-packages/django/db/backends/base/creation.py:202: in _create_test_db
    with self._nodb_cursor() as cursor:
         ^^^^^^^^^^^^^^^^^^^
/home/perna/.local/share/uv/python/cpython-3.12.7-linux-x86_64-gnu/lib/python3.12/contextlib.py:137: in __enter__
    return next(self.gen)
           ^^^^^^^^^^^^^^
.venv/lib/python3.12/site-packages/django/db/backends/postgresql/base.py:533: in _nodb_cursor
    with conn.cursor() as cursor:
         ^^^^^^^^^^^^^
.venv/lib/python3.12/site-packages/django/utils/asyncio.py:26: in inner
    return func(*args, **kwargs)
           ^^^^^^^^^^^^^^^^^^^^^
.venv/lib/python3.12/site-packages/django/db/backends/base/base.py:320: in cursor
    return self._cursor()
           ^^^^^^^^^^^^^^
.venv/lib/python3.12/site-packages/django/db/backends/base/base.py:296: in _cursor
    self.ensure_connection()
.venv/lib/python3.12/site-packages/django/utils/asyncio.py:26: in inner
    return func(*args, **kwargs)
           ^^^^^^^^^^^^^^^^^^^^^
.venv/lib/python3.12/site-packages/django/db/backends/base/base.py:278: in ensure_connection
    with self.wrap_database_errors:
         ^^^^^^^^^^^^^^^^^^^^^^^^^
.venv/lib/python3.12/site-packages/django/db/utils.py:91: in __exit__
    raise dj_exc_value.with_traceback(traceback) from exc_value
.venv/lib/python3.12/site-packages/django/db/backends/base/base.py:279: in ensure_connection
    self.connect()
.venv/lib/python3.12/site-packages/django/utils/asyncio.py:26: in inner
    return func(*args, **kwargs)
           ^^^^^^^^^^^^^^^^^^^^^
.venv/lib/python3.12/site-packages/django/db/backends/base/base.py:256: in connect
    self.connection = self.get_new_connection(conn_params)
                      ^^^^^^^^^^^^^^^^^^^^^^^^^^^^^^^^^^^^
.venv/lib/python3.12/site-packages/django/utils/asyncio.py:26: in inner
    return func(*args, **kwargs)
           ^^^^^^^^^^^^^^^^^^^^^
.venv/lib/python3.12/site-packages/django/db/backends/postgresql/base.py:332: in get_new_connection
    connection = self.Database.connect(**conn_params)
                 ^^^^^^^^^^^^^^^^^^^^^^^^^^^^^^^^^^^^
.venv/lib/python3.12/site-packages/psycopg2/__init__.py:122: in connect
    conn = _connect(dsn, connection_factory=connection_factory, **kwasync)
           ^^^^^^^^^^^^^^^^^^^^^^^^^^^^^^^^^^^^^^^^^^^^^^^^^^^^^^^^^^^^^^^
E   django.db.utils.OperationalError: connection to server at "localhost" (127.0.0.1), port 5432 failed: Connection refused
E   	Is the server running on that host and accepting TCP/IP connections?
---------------------------- Captured stderr setup -----------------------------
Creating test database for alias 'default'...
_______ ERROR at setup of TestPodcastViewSetFeatures.test_create_podcast _______
.venv/lib/python3.12/site-packages/django/db/backends/base/base.py:279: in ensure_connection
    self.connect()
.venv/lib/python3.12/site-packages/django/utils/asyncio.py:26: in inner
    return func(*args, **kwargs)
           ^^^^^^^^^^^^^^^^^^^^^
.venv/lib/python3.12/site-packages/django/db/backends/base/base.py:256: in connect
    self.connection = self.get_new_connection(conn_params)
                      ^^^^^^^^^^^^^^^^^^^^^^^^^^^^^^^^^^^^
.venv/lib/python3.12/site-packages/django/utils/asyncio.py:26: in inner
    return func(*args, **kwargs)
           ^^^^^^^^^^^^^^^^^^^^^
.venv/lib/python3.12/site-packages/django/db/backends/postgresql/base.py:332: in get_new_connection
    connection = self.Database.connect(**conn_params)
                 ^^^^^^^^^^^^^^^^^^^^^^^^^^^^^^^^^^^^
.venv/lib/python3.12/site-packages/psycopg2/__init__.py:122: in connect
    conn = _connect(dsn, connection_factory=connection_factory, **kwasync)
           ^^^^^^^^^^^^^^^^^^^^^^^^^^^^^^^^^^^^^^^^^^^^^^^^^^^^^^^^^^^^^^^
E   psycopg2.OperationalError: connection to server at "localhost" (127.0.0.1), port 5432 failed: Connection refused
E   	Is the server running on that host and accepting TCP/IP connections?

The above exception was the direct cause of the following exception:
.venv/lib/python3.12/site-packages/django/db/backends/postgresql/base.py:507: in _nodb_cursor
    with super()._nodb_cursor() as cursor:
         ^^^^^^^^^^^^^^^^^^^^^^
/home/perna/.local/share/uv/python/cpython-3.12.7-linux-x86_64-gnu/lib/python3.12/contextlib.py:137: in __enter__
    return next(self.gen)
           ^^^^^^^^^^^^^^
.venv/lib/python3.12/site-packages/django/db/backends/base/base.py:712: in _nodb_cursor
    with conn.cursor() as cursor:
         ^^^^^^^^^^^^^
.venv/lib/python3.12/site-packages/django/utils/asyncio.py:26: in inner
    return func(*args, **kwargs)
           ^^^^^^^^^^^^^^^^^^^^^
.venv/lib/python3.12/site-packages/django/db/backends/base/base.py:320: in cursor
    return self._cursor()
           ^^^^^^^^^^^^^^
.venv/lib/python3.12/site-packages/django/db/backends/base/base.py:296: in _cursor
    self.ensure_connection()
.venv/lib/python3.12/site-packages/django/utils/asyncio.py:26: in inner
    return func(*args, **kwargs)
           ^^^^^^^^^^^^^^^^^^^^^
.venv/lib/python3.12/site-packages/django/db/backends/base/base.py:278: in ensure_connection
    with self.wrap_database_errors:
         ^^^^^^^^^^^^^^^^^^^^^^^^^
.venv/lib/python3.12/site-packages/django/db/utils.py:91: in __exit__
    raise dj_exc_value.with_traceback(traceback) from exc_value
.venv/lib/python3.12/site-packages/django/db/backends/base/base.py:279: in ensure_connection
    self.connect()
.venv/lib/python3.12/site-packages/django/utils/asyncio.py:26: in inner
    return func(*args, **kwargs)
           ^^^^^^^^^^^^^^^^^^^^^
.venv/lib/python3.12/site-packages/django/db/backends/base/base.py:256: in connect
    self.connection = self.get_new_connection(conn_params)
                      ^^^^^^^^^^^^^^^^^^^^^^^^^^^^^^^^^^^^
.venv/lib/python3.12/site-packages/django/utils/asyncio.py:26: in inner
    return func(*args, **kwargs)
           ^^^^^^^^^^^^^^^^^^^^^
.venv/lib/python3.12/site-packages/django/db/backends/postgresql/base.py:332: in get_new_connection
    connection = self.Database.connect(**conn_params)
                 ^^^^^^^^^^^^^^^^^^^^^^^^^^^^^^^^^^^^
.venv/lib/python3.12/site-packages/psycopg2/__init__.py:122: in connect
    conn = _connect(dsn, connection_factory=connection_factory, **kwasync)
           ^^^^^^^^^^^^^^^^^^^^^^^^^^^^^^^^^^^^^^^^^^^^^^^^^^^^^^^^^^^^^^^
E   django.db.utils.OperationalError: connection to server at "localhost" (127.0.0.1), port 5432 failed: Connection refused
E   	Is the server running on that host and accepting TCP/IP connections?

During handling of the above exception, another exception occurred:
.venv/lib/python3.12/site-packages/django/db/backends/base/base.py:279: in ensure_connection
    self.connect()
.venv/lib/python3.12/site-packages/django/utils/asyncio.py:26: in inner
    return func(*args, **kwargs)
           ^^^^^^^^^^^^^^^^^^^^^
.venv/lib/python3.12/site-packages/django/db/backends/base/base.py:256: in connect
    self.connection = self.get_new_connection(conn_params)
                      ^^^^^^^^^^^^^^^^^^^^^^^^^^^^^^^^^^^^
.venv/lib/python3.12/site-packages/django/utils/asyncio.py:26: in inner
    return func(*args, **kwargs)
           ^^^^^^^^^^^^^^^^^^^^^
.venv/lib/python3.12/site-packages/django/db/backends/postgresql/base.py:332: in get_new_connection
    connection = self.Database.connect(**conn_params)
                 ^^^^^^^^^^^^^^^^^^^^^^^^^^^^^^^^^^^^
.venv/lib/python3.12/site-packages/psycopg2/__init__.py:122: in connect
    conn = _connect(dsn, connection_factory=connection_factory, **kwasync)
           ^^^^^^^^^^^^^^^^^^^^^^^^^^^^^^^^^^^^^^^^^^^^^^^^^^^^^^^^^^^^^^^
E   psycopg2.OperationalError: connection to server at "localhost" (127.0.0.1), port 5432 failed: Connection refused
E   	Is the server running on that host and accepting TCP/IP connections?

The above exception was the direct cause of the following exception:
.venv/lib/python3.12/site-packages/pytest_django/plugin.py:552: in _django_db_marker
    request.getfixturevalue("_django_db_helper")
.venv/lib/python3.12/site-packages/pytest_django/fixtures.py:198: in django_db_setup
    db_cfg = setup_databases(
.venv/lib/python3.12/site-packages/django/test/utils.py:204: in setup_databases
    connection.creation.create_test_db(
.venv/lib/python3.12/site-packages/django/db/backends/base/creation.py:62: in create_test_db
    self._create_test_db(verbosity, autoclobber, keepdb)
.venv/lib/python3.12/site-packages/django/db/backends/base/creation.py:202: in _create_test_db
    with self._nodb_cursor() as cursor:
         ^^^^^^^^^^^^^^^^^^^
/home/perna/.local/share/uv/python/cpython-3.12.7-linux-x86_64-gnu/lib/python3.12/contextlib.py:137: in __enter__
    return next(self.gen)
           ^^^^^^^^^^^^^^
.venv/lib/python3.12/site-packages/django/db/backends/postgresql/base.py:533: in _nodb_cursor
    with conn.cursor() as cursor:
         ^^^^^^^^^^^^^
.venv/lib/python3.12/site-packages/django/utils/asyncio.py:26: in inner
    return func(*args, **kwargs)
           ^^^^^^^^^^^^^^^^^^^^^
.venv/lib/python3.12/site-packages/django/db/backends/base/base.py:320: in cursor
    return self._cursor()
           ^^^^^^^^^^^^^^
.venv/lib/python3.12/site-packages/django/db/backends/base/base.py:296: in _cursor
    self.ensure_connection()
.venv/lib/python3.12/site-packages/django/utils/asyncio.py:26: in inner
    return func(*args, **kwargs)
           ^^^^^^^^^^^^^^^^^^^^^
.venv/lib/python3.12/site-packages/django/db/backends/base/base.py:278: in ensure_connection
    with self.wrap_database_errors:
         ^^^^^^^^^^^^^^^^^^^^^^^^^
.venv/lib/python3.12/site-packages/django/db/utils.py:91: in __exit__
    raise dj_exc_value.with_traceback(traceback) from exc_value
.venv/lib/python3.12/site-packages/django/db/backends/base/base.py:279: in ensure_connection
    self.connect()
.venv/lib/python3.12/site-packages/django/utils/asyncio.py:26: in inner
    return func(*args, **kwargs)
           ^^^^^^^^^^^^^^^^^^^^^
.venv/lib/python3.12/site-packages/django/db/backends/base/base.py:256: in connect
    self.connection = self.get_new_connection(conn_params)
                      ^^^^^^^^^^^^^^^^^^^^^^^^^^^^^^^^^^^^
.venv/lib/python3.12/site-packages/django/utils/asyncio.py:26: in inner
    return func(*args, **kwargs)
           ^^^^^^^^^^^^^^^^^^^^^
.venv/lib/python3.12/site-packages/django/db/backends/postgresql/base.py:332: in get_new_connection
    connection = self.Database.connect(**conn_params)
                 ^^^^^^^^^^^^^^^^^^^^^^^^^^^^^^^^^^^^
.venv/lib/python3.12/site-packages/psycopg2/__init__.py:122: in connect
    conn = _connect(dsn, connection_factory=connection_factory, **kwasync)
           ^^^^^^^^^^^^^^^^^^^^^^^^^^^^^^^^^^^^^^^^^^^^^^^^^^^^^^^^^^^^^^^
E   django.db.utils.OperationalError: connection to server at "localhost" (127.0.0.1), port 5432 failed: Connection refused
E   	Is the server running on that host and accepting TCP/IP connections?
__ ERROR at setup of TestPodcastViewSetFeatures.test_create_duplicate_podcast __
.venv/lib/python3.12/site-packages/django/db/backends/base/base.py:279: in ensure_connection
    self.connect()
.venv/lib/python3.12/site-packages/django/utils/asyncio.py:26: in inner
    return func(*args, **kwargs)
           ^^^^^^^^^^^^^^^^^^^^^
.venv/lib/python3.12/site-packages/django/db/backends/base/base.py:256: in connect
    self.connection = self.get_new_connection(conn_params)
                      ^^^^^^^^^^^^^^^^^^^^^^^^^^^^^^^^^^^^
.venv/lib/python3.12/site-packages/django/utils/asyncio.py:26: in inner
    return func(*args, **kwargs)
           ^^^^^^^^^^^^^^^^^^^^^
.venv/lib/python3.12/site-packages/django/db/backends/postgresql/base.py:332: in get_new_connection
    connection = self.Database.connect(**conn_params)
                 ^^^^^^^^^^^^^^^^^^^^^^^^^^^^^^^^^^^^
.venv/lib/python3.12/site-packages/psycopg2/__init__.py:122: in connect
    conn = _connect(dsn, connection_factory=connection_factory, **kwasync)
           ^^^^^^^^^^^^^^^^^^^^^^^^^^^^^^^^^^^^^^^^^^^^^^^^^^^^^^^^^^^^^^^
E   psycopg2.OperationalError: connection to server at "localhost" (127.0.0.1), port 5432 failed: Connection refused
E   	Is the server running on that host and accepting TCP/IP connections?

The above exception was the direct cause of the following exception:
.venv/lib/python3.12/site-packages/django/db/backends/postgresql/base.py:507: in _nodb_cursor
    with super()._nodb_cursor() as cursor:
         ^^^^^^^^^^^^^^^^^^^^^^
/home/perna/.local/share/uv/python/cpython-3.12.7-linux-x86_64-gnu/lib/python3.12/contextlib.py:137: in __enter__
    return next(self.gen)
           ^^^^^^^^^^^^^^
.venv/lib/python3.12/site-packages/django/db/backends/base/base.py:712: in _nodb_cursor
    with conn.cursor() as cursor:
         ^^^^^^^^^^^^^
.venv/lib/python3.12/site-packages/django/utils/asyncio.py:26: in inner
    return func(*args, **kwargs)
           ^^^^^^^^^^^^^^^^^^^^^
.venv/lib/python3.12/site-packages/django/db/backends/base/base.py:320: in cursor
    return self._cursor()
           ^^^^^^^^^^^^^^
.venv/lib/python3.12/site-packages/django/db/backends/base/base.py:296: in _cursor
    self.ensure_connection()
.venv/lib/python3.12/site-packages/django/utils/asyncio.py:26: in inner
    return func(*args, **kwargs)
           ^^^^^^^^^^^^^^^^^^^^^
.venv/lib/python3.12/site-packages/django/db/backends/base/base.py:278: in ensure_connection
    with self.wrap_database_errors:
         ^^^^^^^^^^^^^^^^^^^^^^^^^
.venv/lib/python3.12/site-packages/django/db/utils.py:91: in __exit__
    raise dj_exc_value.with_traceback(traceback) from exc_value
.venv/lib/python3.12/site-packages/django/db/backends/base/base.py:279: in ensure_connection
    self.connect()
.venv/lib/python3.12/site-packages/django/utils/asyncio.py:26: in inner
    return func(*args, **kwargs)
           ^^^^^^^^^^^^^^^^^^^^^
.venv/lib/python3.12/site-packages/django/db/backends/base/base.py:256: in connect
    self.connection = self.get_new_connection(conn_params)
                      ^^^^^^^^^^^^^^^^^^^^^^^^^^^^^^^^^^^^
.venv/lib/python3.12/site-packages/django/utils/asyncio.py:26: in inner
    return func(*args, **kwargs)
           ^^^^^^^^^^^^^^^^^^^^^
.venv/lib/python3.12/site-packages/django/db/backends/postgresql/base.py:332: in get_new_connection
    connection = self.Database.connect(**conn_params)
                 ^^^^^^^^^^^^^^^^^^^^^^^^^^^^^^^^^^^^
.venv/lib/python3.12/site-packages/psycopg2/__init__.py:122: in connect
    conn = _connect(dsn, connection_factory=connection_factory, **kwasync)
           ^^^^^^^^^^^^^^^^^^^^^^^^^^^^^^^^^^^^^^^^^^^^^^^^^^^^^^^^^^^^^^^
E   django.db.utils.OperationalError: connection to server at "localhost" (127.0.0.1), port 5432 failed: Connection refused
E   	Is the server running on that host and accepting TCP/IP connections?

During handling of the above exception, another exception occurred:
.venv/lib/python3.12/site-packages/django/db/backends/base/base.py:279: in ensure_connection
    self.connect()
.venv/lib/python3.12/site-packages/django/utils/asyncio.py:26: in inner
    return func(*args, **kwargs)
           ^^^^^^^^^^^^^^^^^^^^^
.venv/lib/python3.12/site-packages/django/db/backends/base/base.py:256: in connect
    self.connection = self.get_new_connection(conn_params)
                      ^^^^^^^^^^^^^^^^^^^^^^^^^^^^^^^^^^^^
.venv/lib/python3.12/site-packages/django/utils/asyncio.py:26: in inner
    return func(*args, **kwargs)
           ^^^^^^^^^^^^^^^^^^^^^
.venv/lib/python3.12/site-packages/django/db/backends/postgresql/base.py:332: in get_new_connection
    connection = self.Database.connect(**conn_params)
                 ^^^^^^^^^^^^^^^^^^^^^^^^^^^^^^^^^^^^
.venv/lib/python3.12/site-packages/psycopg2/__init__.py:122: in connect
    conn = _connect(dsn, connection_factory=connection_factory, **kwasync)
           ^^^^^^^^^^^^^^^^^^^^^^^^^^^^^^^^^^^^^^^^^^^^^^^^^^^^^^^^^^^^^^^
E   psycopg2.OperationalError: connection to server at "localhost" (127.0.0.1), port 5432 failed: Connection refused
E   	Is the server running on that host and accepting TCP/IP connections?

The above exception was the direct cause of the following exception:
.venv/lib/python3.12/site-packages/pytest_django/plugin.py:552: in _django_db_marker
    request.getfixturevalue("_django_db_helper")
.venv/lib/python3.12/site-packages/pytest_django/fixtures.py:198: in django_db_setup
    db_cfg = setup_databases(
.venv/lib/python3.12/site-packages/django/test/utils.py:204: in setup_databases
    connection.creation.create_test_db(
.venv/lib/python3.12/site-packages/django/db/backends/base/creation.py:62: in create_test_db
    self._create_test_db(verbosity, autoclobber, keepdb)
.venv/lib/python3.12/site-packages/django/db/backends/base/creation.py:202: in _create_test_db
    with self._nodb_cursor() as cursor:
         ^^^^^^^^^^^^^^^^^^^
/home/perna/.local/share/uv/python/cpython-3.12.7-linux-x86_64-gnu/lib/python3.12/contextlib.py:137: in __enter__
    return next(self.gen)
           ^^^^^^^^^^^^^^
.venv/lib/python3.12/site-packages/django/db/backends/postgresql/base.py:533: in _nodb_cursor
    with conn.cursor() as cursor:
         ^^^^^^^^^^^^^
.venv/lib/python3.12/site-packages/django/utils/asyncio.py:26: in inner
    return func(*args, **kwargs)
           ^^^^^^^^^^^^^^^^^^^^^
.venv/lib/python3.12/site-packages/django/db/backends/base/base.py:320: in cursor
    return self._cursor()
           ^^^^^^^^^^^^^^
.venv/lib/python3.12/site-packages/django/db/backends/base/base.py:296: in _cursor
    self.ensure_connection()
.venv/lib/python3.12/site-packages/django/utils/asyncio.py:26: in inner
    return func(*args, **kwargs)
           ^^^^^^^^^^^^^^^^^^^^^
.venv/lib/python3.12/site-packages/django/db/backends/base/base.py:278: in ensure_connection
    with self.wrap_database_errors:
         ^^^^^^^^^^^^^^^^^^^^^^^^^
.venv/lib/python3.12/site-packages/django/db/utils.py:91: in __exit__
    raise dj_exc_value.with_traceback(traceback) from exc_value
.venv/lib/python3.12/site-packages/django/db/backends/base/base.py:279: in ensure_connection
    self.connect()
.venv/lib/python3.12/site-packages/django/utils/asyncio.py:26: in inner
    return func(*args, **kwargs)
           ^^^^^^^^^^^^^^^^^^^^^
.venv/lib/python3.12/site-packages/django/db/backends/base/base.py:256: in connect
    self.connection = self.get_new_connection(conn_params)
                      ^^^^^^^^^^^^^^^^^^^^^^^^^^^^^^^^^^^^
.venv/lib/python3.12/site-packages/django/utils/asyncio.py:26: in inner
    return func(*args, **kwargs)
           ^^^^^^^^^^^^^^^^^^^^^
.venv/lib/python3.12/site-packages/django/db/backends/postgresql/base.py:332: in get_new_connection
    connection = self.Database.connect(**conn_params)
                 ^^^^^^^^^^^^^^^^^^^^^^^^^^^^^^^^^^^^
.venv/lib/python3.12/site-packages/psycopg2/__init__.py:122: in connect
    conn = _connect(dsn, connection_factory=connection_factory, **kwasync)
           ^^^^^^^^^^^^^^^^^^^^^^^^^^^^^^^^^^^^^^^^^^^^^^^^^^^^^^^^^^^^^^^
E   django.db.utils.OperationalError: connection to server at "localhost" (127.0.0.1), port 5432 failed: Connection refused
E   	Is the server running on that host and accepting TCP/IP connections?
______ ERROR at setup of TestPodcastViewSetFeatures.test_recent_podcasts _______
.venv/lib/python3.12/site-packages/django/db/backends/base/base.py:279: in ensure_connection
    self.connect()
.venv/lib/python3.12/site-packages/django/utils/asyncio.py:26: in inner
    return func(*args, **kwargs)
           ^^^^^^^^^^^^^^^^^^^^^
.venv/lib/python3.12/site-packages/django/db/backends/base/base.py:256: in connect
    self.connection = self.get_new_connection(conn_params)
                      ^^^^^^^^^^^^^^^^^^^^^^^^^^^^^^^^^^^^
.venv/lib/python3.12/site-packages/django/utils/asyncio.py:26: in inner
    return func(*args, **kwargs)
           ^^^^^^^^^^^^^^^^^^^^^
.venv/lib/python3.12/site-packages/django/db/backends/postgresql/base.py:332: in get_new_connection
    connection = self.Database.connect(**conn_params)
                 ^^^^^^^^^^^^^^^^^^^^^^^^^^^^^^^^^^^^
.venv/lib/python3.12/site-packages/psycopg2/__init__.py:122: in connect
    conn = _connect(dsn, connection_factory=connection_factory, **kwasync)
           ^^^^^^^^^^^^^^^^^^^^^^^^^^^^^^^^^^^^^^^^^^^^^^^^^^^^^^^^^^^^^^^
E   psycopg2.OperationalError: connection to server at "localhost" (127.0.0.1), port 5432 failed: Connection refused
E   	Is the server running on that host and accepting TCP/IP connections?

The above exception was the direct cause of the following exception:
.venv/lib/python3.12/site-packages/django/db/backends/postgresql/base.py:507: in _nodb_cursor
    with super()._nodb_cursor() as cursor:
         ^^^^^^^^^^^^^^^^^^^^^^
/home/perna/.local/share/uv/python/cpython-3.12.7-linux-x86_64-gnu/lib/python3.12/contextlib.py:137: in __enter__
    return next(self.gen)
           ^^^^^^^^^^^^^^
.venv/lib/python3.12/site-packages/django/db/backends/base/base.py:712: in _nodb_cursor
    with conn.cursor() as cursor:
         ^^^^^^^^^^^^^
.venv/lib/python3.12/site-packages/django/utils/asyncio.py:26: in inner
    return func(*args, **kwargs)
           ^^^^^^^^^^^^^^^^^^^^^
.venv/lib/python3.12/site-packages/django/db/backends/base/base.py:320: in cursor
    return self._cursor()
           ^^^^^^^^^^^^^^
.venv/lib/python3.12/site-packages/django/db/backends/base/base.py:296: in _cursor
    self.ensure_connection()
.venv/lib/python3.12/site-packages/django/utils/asyncio.py:26: in inner
    return func(*args, **kwargs)
           ^^^^^^^^^^^^^^^^^^^^^
.venv/lib/python3.12/site-packages/django/db/backends/base/base.py:278: in ensure_connection
    with self.wrap_database_errors:
         ^^^^^^^^^^^^^^^^^^^^^^^^^
.venv/lib/python3.12/site-packages/django/db/utils.py:91: in __exit__
    raise dj_exc_value.with_traceback(traceback) from exc_value
.venv/lib/python3.12/site-packages/django/db/backends/base/base.py:279: in ensure_connection
    self.connect()
.venv/lib/python3.12/site-packages/django/utils/asyncio.py:26: in inner
    return func(*args, **kwargs)
           ^^^^^^^^^^^^^^^^^^^^^
.venv/lib/python3.12/site-packages/django/db/backends/base/base.py:256: in connect
    self.connection = self.get_new_connection(conn_params)
                      ^^^^^^^^^^^^^^^^^^^^^^^^^^^^^^^^^^^^
.venv/lib/python3.12/site-packages/django/utils/asyncio.py:26: in inner
    return func(*args, **kwargs)
           ^^^^^^^^^^^^^^^^^^^^^
.venv/lib/python3.12/site-packages/django/db/backends/postgresql/base.py:332: in get_new_connection
    connection = self.Database.connect(**conn_params)
                 ^^^^^^^^^^^^^^^^^^^^^^^^^^^^^^^^^^^^
.venv/lib/python3.12/site-packages/psycopg2/__init__.py:122: in connect
    conn = _connect(dsn, connection_factory=connection_factory, **kwasync)
           ^^^^^^^^^^^^^^^^^^^^^^^^^^^^^^^^^^^^^^^^^^^^^^^^^^^^^^^^^^^^^^^
E   django.db.utils.OperationalError: connection to server at "localhost" (127.0.0.1), port 5432 failed: Connection refused
E   	Is the server running on that host and accepting TCP/IP connections?

During handling of the above exception, another exception occurred:
.venv/lib/python3.12/site-packages/django/db/backends/base/base.py:279: in ensure_connection
    self.connect()
.venv/lib/python3.12/site-packages/django/utils/asyncio.py:26: in inner
    return func(*args, **kwargs)
           ^^^^^^^^^^^^^^^^^^^^^
.venv/lib/python3.12/site-packages/django/db/backends/base/base.py:256: in connect
    self.connection = self.get_new_connection(conn_params)
                      ^^^^^^^^^^^^^^^^^^^^^^^^^^^^^^^^^^^^
.venv/lib/python3.12/site-packages/django/utils/asyncio.py:26: in inner
    return func(*args, **kwargs)
           ^^^^^^^^^^^^^^^^^^^^^
.venv/lib/python3.12/site-packages/django/db/backends/postgresql/base.py:332: in get_new_connection
    connection = self.Database.connect(**conn_params)
                 ^^^^^^^^^^^^^^^^^^^^^^^^^^^^^^^^^^^^
.venv/lib/python3.12/site-packages/psycopg2/__init__.py:122: in connect
    conn = _connect(dsn, connection_factory=connection_factory, **kwasync)
           ^^^^^^^^^^^^^^^^^^^^^^^^^^^^^^^^^^^^^^^^^^^^^^^^^^^^^^^^^^^^^^^
E   psycopg2.OperationalError: connection to server at "localhost" (127.0.0.1), port 5432 failed: Connection refused
E   	Is the server running on that host and accepting TCP/IP connections?

The above exception was the direct cause of the following exception:
.venv/lib/python3.12/site-packages/pytest_django/plugin.py:552: in _django_db_marker
    request.getfixturevalue("_django_db_helper")
.venv/lib/python3.12/site-packages/pytest_django/fixtures.py:198: in django_db_setup
    db_cfg = setup_databases(
.venv/lib/python3.12/site-packages/django/test/utils.py:204: in setup_databases
    connection.creation.create_test_db(
.venv/lib/python3.12/site-packages/django/db/backends/base/creation.py:62: in create_test_db
    self._create_test_db(verbosity, autoclobber, keepdb)
.venv/lib/python3.12/site-packages/django/db/backends/base/creation.py:202: in _create_test_db
    with self._nodb_cursor() as cursor:
         ^^^^^^^^^^^^^^^^^^^
/home/perna/.local/share/uv/python/cpython-3.12.7-linux-x86_64-gnu/lib/python3.12/contextlib.py:137: in __enter__
    return next(self.gen)
           ^^^^^^^^^^^^^^
.venv/lib/python3.12/site-packages/django/db/backends/postgresql/base.py:533: in _nodb_cursor
    with conn.cursor() as cursor:
         ^^^^^^^^^^^^^
.venv/lib/python3.12/site-packages/django/utils/asyncio.py:26: in inner
    return func(*args, **kwargs)
           ^^^^^^^^^^^^^^^^^^^^^
.venv/lib/python3.12/site-packages/django/db/backends/base/base.py:320: in cursor
    return self._cursor()
           ^^^^^^^^^^^^^^
.venv/lib/python3.12/site-packages/django/db/backends/base/base.py:296: in _cursor
    self.ensure_connection()
.venv/lib/python3.12/site-packages/django/utils/asyncio.py:26: in inner
    return func(*args, **kwargs)
           ^^^^^^^^^^^^^^^^^^^^^
.venv/lib/python3.12/site-packages/django/db/backends/base/base.py:278: in ensure_connection
    with self.wrap_database_errors:
         ^^^^^^^^^^^^^^^^^^^^^^^^^
.venv/lib/python3.12/site-packages/django/db/utils.py:91: in __exit__
    raise dj_exc_value.with_traceback(traceback) from exc_value
.venv/lib/python3.12/site-packages/django/db/backends/base/base.py:279: in ensure_connection
    self.connect()
.venv/lib/python3.12/site-packages/django/utils/asyncio.py:26: in inner
    return func(*args, **kwargs)
           ^^^^^^^^^^^^^^^^^^^^^
.venv/lib/python3.12/site-packages/django/db/backends/base/base.py:256: in connect
    self.connection = self.get_new_connection(conn_params)
                      ^^^^^^^^^^^^^^^^^^^^^^^^^^^^^^^^^^^^
.venv/lib/python3.12/site-packages/django/utils/asyncio.py:26: in inner
    return func(*args, **kwargs)
           ^^^^^^^^^^^^^^^^^^^^^
.venv/lib/python3.12/site-packages/django/db/backends/postgresql/base.py:332: in get_new_connection
    connection = self.Database.connect(**conn_params)
                 ^^^^^^^^^^^^^^^^^^^^^^^^^^^^^^^^^^^^
.venv/lib/python3.12/site-packages/psycopg2/__init__.py:122: in connect
    conn = _connect(dsn, connection_factory=connection_factory, **kwasync)
           ^^^^^^^^^^^^^^^^^^^^^^^^^^^^^^^^^^^^^^^^^^^^^^^^^^^^^^^^^^^^^^^
E   django.db.utils.OperationalError: connection to server at "localhost" (127.0.0.1), port 5432 failed: Connection refused
E   	Is the server running on that host and accepting TCP/IP connections?
_______ ERROR at setup of TestPodcastViewSetFeatures.test_search_podcast _______
.venv/lib/python3.12/site-packages/django/db/backends/base/base.py:279: in ensure_connection
    self.connect()
.venv/lib/python3.12/site-packages/django/utils/asyncio.py:26: in inner
    return func(*args, **kwargs)
           ^^^^^^^^^^^^^^^^^^^^^
.venv/lib/python3.12/site-packages/django/db/backends/base/base.py:256: in connect
    self.connection = self.get_new_connection(conn_params)
                      ^^^^^^^^^^^^^^^^^^^^^^^^^^^^^^^^^^^^
.venv/lib/python3.12/site-packages/django/utils/asyncio.py:26: in inner
    return func(*args, **kwargs)
           ^^^^^^^^^^^^^^^^^^^^^
.venv/lib/python3.12/site-packages/django/db/backends/postgresql/base.py:332: in get_new_connection
    connection = self.Database.connect(**conn_params)
                 ^^^^^^^^^^^^^^^^^^^^^^^^^^^^^^^^^^^^
.venv/lib/python3.12/site-packages/psycopg2/__init__.py:122: in connect
    conn = _connect(dsn, connection_factory=connection_factory, **kwasync)
           ^^^^^^^^^^^^^^^^^^^^^^^^^^^^^^^^^^^^^^^^^^^^^^^^^^^^^^^^^^^^^^^
E   psycopg2.OperationalError: connection to server at "localhost" (127.0.0.1), port 5432 failed: Connection refused
E   	Is the server running on that host and accepting TCP/IP connections?

The above exception was the direct cause of the following exception:
.venv/lib/python3.12/site-packages/django/db/backends/postgresql/base.py:507: in _nodb_cursor
    with super()._nodb_cursor() as cursor:
         ^^^^^^^^^^^^^^^^^^^^^^
/home/perna/.local/share/uv/python/cpython-3.12.7-linux-x86_64-gnu/lib/python3.12/contextlib.py:137: in __enter__
    return next(self.gen)
           ^^^^^^^^^^^^^^
.venv/lib/python3.12/site-packages/django/db/backends/base/base.py:712: in _nodb_cursor
    with conn.cursor() as cursor:
         ^^^^^^^^^^^^^
.venv/lib/python3.12/site-packages/django/utils/asyncio.py:26: in inner
    return func(*args, **kwargs)
           ^^^^^^^^^^^^^^^^^^^^^
.venv/lib/python3.12/site-packages/django/db/backends/base/base.py:320: in cursor
    return self._cursor()
           ^^^^^^^^^^^^^^
.venv/lib/python3.12/site-packages/django/db/backends/base/base.py:296: in _cursor
    self.ensure_connection()
.venv/lib/python3.12/site-packages/django/utils/asyncio.py:26: in inner
    return func(*args, **kwargs)
           ^^^^^^^^^^^^^^^^^^^^^
.venv/lib/python3.12/site-packages/django/db/backends/base/base.py:278: in ensure_connection
    with self.wrap_database_errors:
         ^^^^^^^^^^^^^^^^^^^^^^^^^
.venv/lib/python3.12/site-packages/django/db/utils.py:91: in __exit__
    raise dj_exc_value.with_traceback(traceback) from exc_value
.venv/lib/python3.12/site-packages/django/db/backends/base/base.py:279: in ensure_connection
    self.connect()
.venv/lib/python3.12/site-packages/django/utils/asyncio.py:26: in inner
    return func(*args, **kwargs)
           ^^^^^^^^^^^^^^^^^^^^^
.venv/lib/python3.12/site-packages/django/db/backends/base/base.py:256: in connect
    self.connection = self.get_new_connection(conn_params)
                      ^^^^^^^^^^^^^^^^^^^^^^^^^^^^^^^^^^^^
.venv/lib/python3.12/site-packages/django/utils/asyncio.py:26: in inner
    return func(*args, **kwargs)
           ^^^^^^^^^^^^^^^^^^^^^
.venv/lib/python3.12/site-packages/django/db/backends/postgresql/base.py:332: in get_new_connection
    connection = self.Database.connect(**conn_params)
                 ^^^^^^^^^^^^^^^^^^^^^^^^^^^^^^^^^^^^
.venv/lib/python3.12/site-packages/psycopg2/__init__.py:122: in connect
    conn = _connect(dsn, connection_factory=connection_factory, **kwasync)
           ^^^^^^^^^^^^^^^^^^^^^^^^^^^^^^^^^^^^^^^^^^^^^^^^^^^^^^^^^^^^^^^
E   django.db.utils.OperationalError: connection to server at "localhost" (127.0.0.1), port 5432 failed: Connection refused
E   	Is the server running on that host and accepting TCP/IP connections?

During handling of the above exception, another exception occurred:
.venv/lib/python3.12/site-packages/django/db/backends/base/base.py:279: in ensure_connection
    self.connect()
.venv/lib/python3.12/site-packages/django/utils/asyncio.py:26: in inner
    return func(*args, **kwargs)
           ^^^^^^^^^^^^^^^^^^^^^
.venv/lib/python3.12/site-packages/django/db/backends/base/base.py:256: in connect
    self.connection = self.get_new_connection(conn_params)
                      ^^^^^^^^^^^^^^^^^^^^^^^^^^^^^^^^^^^^
.venv/lib/python3.12/site-packages/django/utils/asyncio.py:26: in inner
    return func(*args, **kwargs)
           ^^^^^^^^^^^^^^^^^^^^^
.venv/lib/python3.12/site-packages/django/db/backends/postgresql/base.py:332: in get_new_connection
    connection = self.Database.connect(**conn_params)
                 ^^^^^^^^^^^^^^^^^^^^^^^^^^^^^^^^^^^^
.venv/lib/python3.12/site-packages/psycopg2/__init__.py:122: in connect
    conn = _connect(dsn, connection_factory=connection_factory, **kwasync)
           ^^^^^^^^^^^^^^^^^^^^^^^^^^^^^^^^^^^^^^^^^^^^^^^^^^^^^^^^^^^^^^^
E   psycopg2.OperationalError: connection to server at "localhost" (127.0.0.1), port 5432 failed: Connection refused
E   	Is the server running on that host and accepting TCP/IP connections?

The above exception was the direct cause of the following exception:
.venv/lib/python3.12/site-packages/pytest_django/plugin.py:552: in _django_db_marker
    request.getfixturevalue("_django_db_helper")
.venv/lib/python3.12/site-packages/pytest_django/fixtures.py:198: in django_db_setup
    db_cfg = setup_databases(
.venv/lib/python3.12/site-packages/django/test/utils.py:204: in setup_databases
    connection.creation.create_test_db(
.venv/lib/python3.12/site-packages/django/db/backends/base/creation.py:62: in create_test_db
    self._create_test_db(verbosity, autoclobber, keepdb)
.venv/lib/python3.12/site-packages/django/db/backends/base/creation.py:202: in _create_test_db
    with self._nodb_cursor() as cursor:
         ^^^^^^^^^^^^^^^^^^^
/home/perna/.local/share/uv/python/cpython-3.12.7-linux-x86_64-gnu/lib/python3.12/contextlib.py:137: in __enter__
    return next(self.gen)
           ^^^^^^^^^^^^^^
.venv/lib/python3.12/site-packages/django/db/backends/postgresql/base.py:533: in _nodb_cursor
    with conn.cursor() as cursor:
         ^^^^^^^^^^^^^
.venv/lib/python3.12/site-packages/django/utils/asyncio.py:26: in inner
    return func(*args, **kwargs)
           ^^^^^^^^^^^^^^^^^^^^^
.venv/lib/python3.12/site-packages/django/db/backends/base/base.py:320: in cursor
    return self._cursor()
           ^^^^^^^^^^^^^^
.venv/lib/python3.12/site-packages/django/db/backends/base/base.py:296: in _cursor
    self.ensure_connection()
.venv/lib/python3.12/site-packages/django/utils/asyncio.py:26: in inner
    return func(*args, **kwargs)
           ^^^^^^^^^^^^^^^^^^^^^
.venv/lib/python3.12/site-packages/django/db/backends/base/base.py:278: in ensure_connection
    with self.wrap_database_errors:
         ^^^^^^^^^^^^^^^^^^^^^^^^^
.venv/lib/python3.12/site-packages/django/db/utils.py:91: in __exit__
    raise dj_exc_value.with_traceback(traceback) from exc_value
.venv/lib/python3.12/site-packages/django/db/backends/base/base.py:279: in ensure_connection
    self.connect()
.venv/lib/python3.12/site-packages/django/utils/asyncio.py:26: in inner
    return func(*args, **kwargs)
           ^^^^^^^^^^^^^^^^^^^^^
.venv/lib/python3.12/site-packages/django/db/backends/base/base.py:256: in connect
    self.connection = self.get_new_connection(conn_params)
                      ^^^^^^^^^^^^^^^^^^^^^^^^^^^^^^^^^^^^
.venv/lib/python3.12/site-packages/django/utils/asyncio.py:26: in inner
    return func(*args, **kwargs)
           ^^^^^^^^^^^^^^^^^^^^^
.venv/lib/python3.12/site-packages/django/db/backends/postgresql/base.py:332: in get_new_connection
    connection = self.Database.connect(**conn_params)
                 ^^^^^^^^^^^^^^^^^^^^^^^^^^^^^^^^^^^^
.venv/lib/python3.12/site-packages/psycopg2/__init__.py:122: in connect
    conn = _connect(dsn, connection_factory=connection_factory, **kwasync)
           ^^^^^^^^^^^^^^^^^^^^^^^^^^^^^^^^^^^^^^^^^^^^^^^^^^^^^^^^^^^^^^^
E   django.db.utils.OperationalError: connection to server at "localhost" (127.0.0.1), port 5432 failed: Connection refused
E   	Is the server running on that host and accepting TCP/IP connections?
_ ERROR at setup of TestPodcastViewSetFeatures.test_search_episodes_saves_term _
.venv/lib/python3.12/site-packages/django/db/backends/base/base.py:279: in ensure_connection
    self.connect()
.venv/lib/python3.12/site-packages/django/utils/asyncio.py:26: in inner
    return func(*args, **kwargs)
           ^^^^^^^^^^^^^^^^^^^^^
.venv/lib/python3.12/site-packages/django/db/backends/base/base.py:256: in connect
    self.connection = self.get_new_connection(conn_params)
                      ^^^^^^^^^^^^^^^^^^^^^^^^^^^^^^^^^^^^
.venv/lib/python3.12/site-packages/django/utils/asyncio.py:26: in inner
    return func(*args, **kwargs)
           ^^^^^^^^^^^^^^^^^^^^^
.venv/lib/python3.12/site-packages/django/db/backends/postgresql/base.py:332: in get_new_connection
    connection = self.Database.connect(**conn_params)
                 ^^^^^^^^^^^^^^^^^^^^^^^^^^^^^^^^^^^^
.venv/lib/python3.12/site-packages/psycopg2/__init__.py:122: in connect
    conn = _connect(dsn, connection_factory=connection_factory, **kwasync)
           ^^^^^^^^^^^^^^^^^^^^^^^^^^^^^^^^^^^^^^^^^^^^^^^^^^^^^^^^^^^^^^^
E   psycopg2.OperationalError: connection to server at "localhost" (127.0.0.1), port 5432 failed: Connection refused
E   	Is the server running on that host and accepting TCP/IP connections?

The above exception was the direct cause of the following exception:
.venv/lib/python3.12/site-packages/django/db/backends/postgresql/base.py:507: in _nodb_cursor
    with super()._nodb_cursor() as cursor:
         ^^^^^^^^^^^^^^^^^^^^^^
/home/perna/.local/share/uv/python/cpython-3.12.7-linux-x86_64-gnu/lib/python3.12/contextlib.py:137: in __enter__
    return next(self.gen)
           ^^^^^^^^^^^^^^
.venv/lib/python3.12/site-packages/django/db/backends/base/base.py:712: in _nodb_cursor
    with conn.cursor() as cursor:
         ^^^^^^^^^^^^^
.venv/lib/python3.12/site-packages/django/utils/asyncio.py:26: in inner
    return func(*args, **kwargs)
           ^^^^^^^^^^^^^^^^^^^^^
.venv/lib/python3.12/site-packages/django/db/backends/base/base.py:320: in cursor
    return self._cursor()
           ^^^^^^^^^^^^^^
.venv/lib/python3.12/site-packages/django/db/backends/base/base.py:296: in _cursor
    self.ensure_connection()
.venv/lib/python3.12/site-packages/django/utils/asyncio.py:26: in inner
    return func(*args, **kwargs)
           ^^^^^^^^^^^^^^^^^^^^^
.venv/lib/python3.12/site-packages/django/db/backends/base/base.py:278: in ensure_connection
    with self.wrap_database_errors:
         ^^^^^^^^^^^^^^^^^^^^^^^^^
.venv/lib/python3.12/site-packages/django/db/utils.py:91: in __exit__
    raise dj_exc_value.with_traceback(traceback) from exc_value
.venv/lib/python3.12/site-packages/django/db/backends/base/base.py:279: in ensure_connection
    self.connect()
.venv/lib/python3.12/site-packages/django/utils/asyncio.py:26: in inner
    return func(*args, **kwargs)
           ^^^^^^^^^^^^^^^^^^^^^
.venv/lib/python3.12/site-packages/django/db/backends/base/base.py:256: in connect
    self.connection = self.get_new_connection(conn_params)
                      ^^^^^^^^^^^^^^^^^^^^^^^^^^^^^^^^^^^^
.venv/lib/python3.12/site-packages/django/utils/asyncio.py:26: in inner
    return func(*args, **kwargs)
           ^^^^^^^^^^^^^^^^^^^^^
.venv/lib/python3.12/site-packages/django/db/backends/postgresql/base.py:332: in get_new_connection
    connection = self.Database.connect(**conn_params)
                 ^^^^^^^^^^^^^^^^^^^^^^^^^^^^^^^^^^^^
.venv/lib/python3.12/site-packages/psycopg2/__init__.py:122: in connect
    conn = _connect(dsn, connection_factory=connection_factory, **kwasync)
           ^^^^^^^^^^^^^^^^^^^^^^^^^^^^^^^^^^^^^^^^^^^^^^^^^^^^^^^^^^^^^^^
E   django.db.utils.OperationalError: connection to server at "localhost" (127.0.0.1), port 5432 failed: Connection refused
E   	Is the server running on that host and accepting TCP/IP connections?

During handling of the above exception, another exception occurred:
.venv/lib/python3.12/site-packages/django/db/backends/base/base.py:279: in ensure_connection
    self.connect()
.venv/lib/python3.12/site-packages/django/utils/asyncio.py:26: in inner
    return func(*args, **kwargs)
           ^^^^^^^^^^^^^^^^^^^^^
.venv/lib/python3.12/site-packages/django/db/backends/base/base.py:256: in connect
    self.connection = self.get_new_connection(conn_params)
                      ^^^^^^^^^^^^^^^^^^^^^^^^^^^^^^^^^^^^
.venv/lib/python3.12/site-packages/django/utils/asyncio.py:26: in inner
    return func(*args, **kwargs)
           ^^^^^^^^^^^^^^^^^^^^^
.venv/lib/python3.12/site-packages/django/db/backends/postgresql/base.py:332: in get_new_connection
    connection = self.Database.connect(**conn_params)
                 ^^^^^^^^^^^^^^^^^^^^^^^^^^^^^^^^^^^^
.venv/lib/python3.12/site-packages/psycopg2/__init__.py:122: in connect
    conn = _connect(dsn, connection_factory=connection_factory, **kwasync)
           ^^^^^^^^^^^^^^^^^^^^^^^^^^^^^^^^^^^^^^^^^^^^^^^^^^^^^^^^^^^^^^^
E   psycopg2.OperationalError: connection to server at "localhost" (127.0.0.1), port 5432 failed: Connection refused
E   	Is the server running on that host and accepting TCP/IP connections?

The above exception was the direct cause of the following exception:
.venv/lib/python3.12/site-packages/pytest_django/plugin.py:552: in _django_db_marker
    request.getfixturevalue("_django_db_helper")
.venv/lib/python3.12/site-packages/pytest_django/fixtures.py:198: in django_db_setup
    db_cfg = setup_databases(
.venv/lib/python3.12/site-packages/django/test/utils.py:204: in setup_databases
    connection.creation.create_test_db(
.venv/lib/python3.12/site-packages/django/db/backends/base/creation.py:62: in create_test_db
    self._create_test_db(verbosity, autoclobber, keepdb)
.venv/lib/python3.12/site-packages/django/db/backends/base/creation.py:202: in _create_test_db
    with self._nodb_cursor() as cursor:
         ^^^^^^^^^^^^^^^^^^^
/home/perna/.local/share/uv/python/cpython-3.12.7-linux-x86_64-gnu/lib/python3.12/contextlib.py:137: in __enter__
    return next(self.gen)
           ^^^^^^^^^^^^^^
.venv/lib/python3.12/site-packages/django/db/backends/postgresql/base.py:533: in _nodb_cursor
    with conn.cursor() as cursor:
         ^^^^^^^^^^^^^
.venv/lib/python3.12/site-packages/django/utils/asyncio.py:26: in inner
    return func(*args, **kwargs)
           ^^^^^^^^^^^^^^^^^^^^^
.venv/lib/python3.12/site-packages/django/db/backends/base/base.py:320: in cursor
    return self._cursor()
           ^^^^^^^^^^^^^^
.venv/lib/python3.12/site-packages/django/db/backends/base/base.py:296: in _cursor
    self.ensure_connection()
.venv/lib/python3.12/site-packages/django/utils/asyncio.py:26: in inner
    return func(*args, **kwargs)
           ^^^^^^^^^^^^^^^^^^^^^
.venv/lib/python3.12/site-packages/django/db/backends/base/base.py:278: in ensure_connection
    with self.wrap_database_errors:
         ^^^^^^^^^^^^^^^^^^^^^^^^^
.venv/lib/python3.12/site-packages/django/db/utils.py:91: in __exit__
    raise dj_exc_value.with_traceback(traceback) from exc_value
.venv/lib/python3.12/site-packages/django/db/backends/base/base.py:279: in ensure_connection
    self.connect()
.venv/lib/python3.12/site-packages/django/utils/asyncio.py:26: in inner
    return func(*args, **kwargs)
           ^^^^^^^^^^^^^^^^^^^^^
.venv/lib/python3.12/site-packages/django/db/backends/base/base.py:256: in connect
    self.connection = self.get_new_connection(conn_params)
                      ^^^^^^^^^^^^^^^^^^^^^^^^^^^^^^^^^^^^
.venv/lib/python3.12/site-packages/django/utils/asyncio.py:26: in inner
    return func(*args, **kwargs)
           ^^^^^^^^^^^^^^^^^^^^^
.venv/lib/python3.12/site-packages/django/db/backends/postgresql/base.py:332: in get_new_connection
    connection = self.Database.connect(**conn_params)
                 ^^^^^^^^^^^^^^^^^^^^^^^^^^^^^^^^^^^^
.venv/lib/python3.12/site-packages/psycopg2/__init__.py:122: in connect
    conn = _connect(dsn, connection_factory=connection_factory, **kwasync)
           ^^^^^^^^^^^^^^^^^^^^^^^^^^^^^^^^^^^^^^^^^^^^^^^^^^^^^^^^^^^^^^^
E   django.db.utils.OperationalError: connection to server at "localhost" (127.0.0.1), port 5432 failed: Connection refused
E   	Is the server running on that host and accepting TCP/IP connections?
_ ERROR at setup of TestPodcastViewSetFeatures.test_create_podcast_validates_feed _
.venv/lib/python3.12/site-packages/django/db/backends/base/base.py:279: in ensure_connection
    self.connect()
.venv/lib/python3.12/site-packages/django/utils/asyncio.py:26: in inner
    return func(*args, **kwargs)
           ^^^^^^^^^^^^^^^^^^^^^
.venv/lib/python3.12/site-packages/django/db/backends/base/base.py:256: in connect
    self.connection = self.get_new_connection(conn_params)
                      ^^^^^^^^^^^^^^^^^^^^^^^^^^^^^^^^^^^^
.venv/lib/python3.12/site-packages/django/utils/asyncio.py:26: in inner
    return func(*args, **kwargs)
           ^^^^^^^^^^^^^^^^^^^^^
.venv/lib/python3.12/site-packages/django/db/backends/postgresql/base.py:332: in get_new_connection
    connection = self.Database.connect(**conn_params)
                 ^^^^^^^^^^^^^^^^^^^^^^^^^^^^^^^^^^^^
.venv/lib/python3.12/site-packages/psycopg2/__init__.py:122: in connect
    conn = _connect(dsn, connection_factory=connection_factory, **kwasync)
           ^^^^^^^^^^^^^^^^^^^^^^^^^^^^^^^^^^^^^^^^^^^^^^^^^^^^^^^^^^^^^^^
E   psycopg2.OperationalError: connection to server at "localhost" (127.0.0.1), port 5432 failed: Connection refused
E   	Is the server running on that host and accepting TCP/IP connections?

The above exception was the direct cause of the following exception:
.venv/lib/python3.12/site-packages/django/db/backends/postgresql/base.py:507: in _nodb_cursor
    with super()._nodb_cursor() as cursor:
         ^^^^^^^^^^^^^^^^^^^^^^
/home/perna/.local/share/uv/python/cpython-3.12.7-linux-x86_64-gnu/lib/python3.12/contextlib.py:137: in __enter__
    return next(self.gen)
           ^^^^^^^^^^^^^^
.venv/lib/python3.12/site-packages/django/db/backends/base/base.py:712: in _nodb_cursor
    with conn.cursor() as cursor:
         ^^^^^^^^^^^^^
.venv/lib/python3.12/site-packages/django/utils/asyncio.py:26: in inner
    return func(*args, **kwargs)
           ^^^^^^^^^^^^^^^^^^^^^
.venv/lib/python3.12/site-packages/django/db/backends/base/base.py:320: in cursor
    return self._cursor()
           ^^^^^^^^^^^^^^
.venv/lib/python3.12/site-packages/django/db/backends/base/base.py:296: in _cursor
    self.ensure_connection()
.venv/lib/python3.12/site-packages/django/utils/asyncio.py:26: in inner
    return func(*args, **kwargs)
           ^^^^^^^^^^^^^^^^^^^^^
.venv/lib/python3.12/site-packages/django/db/backends/base/base.py:278: in ensure_connection
    with self.wrap_database_errors:
         ^^^^^^^^^^^^^^^^^^^^^^^^^
.venv/lib/python3.12/site-packages/django/db/utils.py:91: in __exit__
    raise dj_exc_value.with_traceback(traceback) from exc_value
.venv/lib/python3.12/site-packages/django/db/backends/base/base.py:279: in ensure_connection
    self.connect()
.venv/lib/python3.12/site-packages/django/utils/asyncio.py:26: in inner
    return func(*args, **kwargs)
           ^^^^^^^^^^^^^^^^^^^^^
.venv/lib/python3.12/site-packages/django/db/backends/base/base.py:256: in connect
    self.connection = self.get_new_connection(conn_params)
                      ^^^^^^^^^^^^^^^^^^^^^^^^^^^^^^^^^^^^
.venv/lib/python3.12/site-packages/django/utils/asyncio.py:26: in inner
    return func(*args, **kwargs)
           ^^^^^^^^^^^^^^^^^^^^^
.venv/lib/python3.12/site-packages/django/db/backends/postgresql/base.py:332: in get_new_connection
    connection = self.Database.connect(**conn_params)
                 ^^^^^^^^^^^^^^^^^^^^^^^^^^^^^^^^^^^^
.venv/lib/python3.12/site-packages/psycopg2/__init__.py:122: in connect
    conn = _connect(dsn, connection_factory=connection_factory, **kwasync)
           ^^^^^^^^^^^^^^^^^^^^^^^^^^^^^^^^^^^^^^^^^^^^^^^^^^^^^^^^^^^^^^^
E   django.db.utils.OperationalError: connection to server at "localhost" (127.0.0.1), port 5432 failed: Connection refused
E   	Is the server running on that host and accepting TCP/IP connections?

During handling of the above exception, another exception occurred:
.venv/lib/python3.12/site-packages/django/db/backends/base/base.py:279: in ensure_connection
    self.connect()
.venv/lib/python3.12/site-packages/django/utils/asyncio.py:26: in inner
    return func(*args, **kwargs)
           ^^^^^^^^^^^^^^^^^^^^^
.venv/lib/python3.12/site-packages/django/db/backends/base/base.py:256: in connect
    self.connection = self.get_new_connection(conn_params)
                      ^^^^^^^^^^^^^^^^^^^^^^^^^^^^^^^^^^^^
.venv/lib/python3.12/site-packages/django/utils/asyncio.py:26: in inner
    return func(*args, **kwargs)
           ^^^^^^^^^^^^^^^^^^^^^
.venv/lib/python3.12/site-packages/django/db/backends/postgresql/base.py:332: in get_new_connection
    connection = self.Database.connect(**conn_params)
                 ^^^^^^^^^^^^^^^^^^^^^^^^^^^^^^^^^^^^
.venv/lib/python3.12/site-packages/psycopg2/__init__.py:122: in connect
    conn = _connect(dsn, connection_factory=connection_factory, **kwasync)
           ^^^^^^^^^^^^^^^^^^^^^^^^^^^^^^^^^^^^^^^^^^^^^^^^^^^^^^^^^^^^^^^
E   psycopg2.OperationalError: connection to server at "localhost" (127.0.0.1), port 5432 failed: Connection refused
E   	Is the server running on that host and accepting TCP/IP connections?

The above exception was the direct cause of the following exception:
.venv/lib/python3.12/site-packages/pytest_django/plugin.py:552: in _django_db_marker
    request.getfixturevalue("_django_db_helper")
.venv/lib/python3.12/site-packages/pytest_django/fixtures.py:198: in django_db_setup
    db_cfg = setup_databases(
.venv/lib/python3.12/site-packages/django/test/utils.py:204: in setup_databases
    connection.creation.create_test_db(
.venv/lib/python3.12/site-packages/django/db/backends/base/creation.py:62: in create_test_db
    self._create_test_db(verbosity, autoclobber, keepdb)
.venv/lib/python3.12/site-packages/django/db/backends/base/creation.py:202: in _create_test_db
    with self._nodb_cursor() as cursor:
         ^^^^^^^^^^^^^^^^^^^
/home/perna/.local/share/uv/python/cpython-3.12.7-linux-x86_64-gnu/lib/python3.12/contextlib.py:137: in __enter__
    return next(self.gen)
           ^^^^^^^^^^^^^^
.venv/lib/python3.12/site-packages/django/db/backends/postgresql/base.py:533: in _nodb_cursor
    with conn.cursor() as cursor:
         ^^^^^^^^^^^^^
.venv/lib/python3.12/site-packages/django/utils/asyncio.py:26: in inner
    return func(*args, **kwargs)
           ^^^^^^^^^^^^^^^^^^^^^
.venv/lib/python3.12/site-packages/django/db/backends/base/base.py:320: in cursor
    return self._cursor()
           ^^^^^^^^^^^^^^
.venv/lib/python3.12/site-packages/django/db/backends/base/base.py:296: in _cursor
    self.ensure_connection()
.venv/lib/python3.12/site-packages/django/utils/asyncio.py:26: in inner
    return func(*args, **kwargs)
           ^^^^^^^^^^^^^^^^^^^^^
.venv/lib/python3.12/site-packages/django/db/backends/base/base.py:278: in ensure_connection
    with self.wrap_database_errors:
         ^^^^^^^^^^^^^^^^^^^^^^^^^
.venv/lib/python3.12/site-packages/django/db/utils.py:91: in __exit__
    raise dj_exc_value.with_traceback(traceback) from exc_value
.venv/lib/python3.12/site-packages/django/db/backends/base/base.py:279: in ensure_connection
    self.connect()
.venv/lib/python3.12/site-packages/django/utils/asyncio.py:26: in inner
    return func(*args, **kwargs)
           ^^^^^^^^^^^^^^^^^^^^^
.venv/lib/python3.12/site-packages/django/db/backends/base/base.py:256: in connect
    self.connection = self.get_new_connection(conn_params)
                      ^^^^^^^^^^^^^^^^^^^^^^^^^^^^^^^^^^^^
.venv/lib/python3.12/site-packages/django/utils/asyncio.py:26: in inner
    return func(*args, **kwargs)
           ^^^^^^^^^^^^^^^^^^^^^
.venv/lib/python3.12/site-packages/django/db/backends/postgresql/base.py:332: in get_new_connection
    connection = self.Database.connect(**conn_params)
                 ^^^^^^^^^^^^^^^^^^^^^^^^^^^^^^^^^^^^
.venv/lib/python3.12/site-packages/psycopg2/__init__.py:122: in connect
    conn = _connect(dsn, connection_factory=connection_factory, **kwasync)
           ^^^^^^^^^^^^^^^^^^^^^^^^^^^^^^^^^^^^^^^^^^^^^^^^^^^^^^^^^^^^^^^
E   django.db.utils.OperationalError: connection to server at "localhost" (127.0.0.1), port 5432 failed: Connection refused
E   	Is the server running on that host and accepting TCP/IP connections?
=============================== warnings summary ===============================
podcasts/tests/test_updater.py::test_updater_updates_total_episodes
  /home/perna/workspace/projects/podigger/backend/.venv/lib/python3.12/site-packages/django/db/backends/postgresql/base.py:512: RuntimeWarning: Normally Django will use a connection to the 'postgres' database to avoid running initialization queries against the production database when it's not needed (for example, when running tests). Django was unable to create a connection to the 'postgres' database and will use the first PostgreSQL database instead.
    warnings.warn(

.venv/lib/python3.12/site-packages/_pytest/cacheprovider.py:475
  /home/perna/workspace/projects/podigger/backend/.venv/lib/python3.12/site-packages/_pytest/cacheprovider.py:475: PytestCacheWarning: cache could not write path /home/perna/workspace/projects/podigger/backend/.pytest_cache/v/cache/nodeids: [Errno 13] Permission denied: '/home/perna/workspace/projects/podigger/backend/.pytest_cache/v/cache/nodeids'
    config.cache.set("cache/nodeids", sorted(self.cached_nodeids))

.venv/lib/python3.12/site-packages/_pytest/cacheprovider.py:429
  /home/perna/workspace/projects/podigger/backend/.venv/lib/python3.12/site-packages/_pytest/cacheprovider.py:429: PytestCacheWarning: cache could not write path /home/perna/workspace/projects/podigger/backend/.pytest_cache/v/cache/lastfailed: [Errno 13] Permission denied: '/home/perna/workspace/projects/podigger/backend/.pytest_cache/v/cache/lastfailed'
    config.cache.set("cache/lastfailed", self.lastfailed)

-- Docs: https://docs.pytest.org/en/stable/how-to/capture-warnings.html
=========================== short test summary info ============================
ERROR podcasts/tests/test_updater.py::test_updater_updates_total_episodes - d...
ERROR podcasts/tests/test_views_features.py::TestPodcastViewSetFeatures::test_create_podcast
ERROR podcasts/tests/test_views_features.py::TestPodcastViewSetFeatures::test_create_duplicate_podcast
ERROR podcasts/tests/test_views_features.py::TestPodcastViewSetFeatures::test_recent_podcasts
ERROR podcasts/tests/test_views_features.py::TestPodcastViewSetFeatures::test_search_podcast
ERROR podcasts/tests/test_views_features.py::TestPodcastViewSetFeatures::test_search_episodes_saves_term
ERROR podcasts/tests/test_views_features.py::TestPodcastViewSetFeatures::test_create_podcast_validates_feed
======================== 3 warnings, 7 errors in 0.90s =========================
